123456
87654321
66668888
88886666
12345678
000000000
88888888
123456789
123456
abcde
521314
7758258
abc123
123321
987654321
521125
123456
a123456
123456a
5201314
111111
qq123456
123123
000000
1qaz2wsx
1q2w3e4r
qwe123
7758521
123qwe
a123123
123456aa
woaini520
woaini
123123
000000
1qaz2wsx
1q2w3e4r
qwe123
7758521
123qwe
a123123
123456aa
woaini520
woaini
100200
1314520
woaini123
123321
q123456
123456789
123456789a
5211314
asd123
a123456789
z123456
asd123456
a5201314
aa123456
zhang123
aptx4869
123123a
1q2w3e4r5t
1qazxsw2
5201314a
1q2w3e
aini1314
31415926
q1w2e3r4
123456qq
woaini521
1234qwer
a111111
520520
iloveyou
abc123
110110
111111a
123456abc
w123456
7758258
123qweasd
159753
qwer1234
a000000
qq123123
zxc123
123654
abc123456
123456q
qq5201314
12345678
000000a
456852
as123456
1314521
112233
521521
qazwsx123
zxc123456
abcd1234
asdasd
666666
love1314
QAZ123
aaa123
q1w2e3
aaaaaa
a123321
123000
11111111
12qwaszx
5845201314
s123456
nihao123
caonima123
zxcvbnm123
wang123
159357
1A2B3C4D
asdasd123
584520
753951
147258
1123581321
110120
qq1314520
password
123456789
12345678
12345
111111
1234567
sunshine
qwerty
iloveyou
princess
admin
welcome
666666
abc123
football
123123
monkey
654321
!@#$%^&*
charlie
aa123456
donald
password1
qwerty123
zxcvbnm
121212
bailey
freedom
shadow
passw0rd
baseball
buster
daniel
hannah
thomas
summer
george
harley
222222
jessica
ginger
letmein
abcdef
solo
jordan
55555
tigger
joshua
pepper
sophie
1234
robert
matthew
12341234
andrew
lakers
andrea
1qaz2wsx
starwars
ferrari
cheese
computer
corvette
mercedes
blahblah
maverick
hello
nicole
hunter
1989
amanda
1990
jennifer
banana
chelsea
ranger
1991
trustno1
merlin
cookie
ashley
bandit
killer
aaaaaa
1q2w3e
zaq1zaq1
hockey
dallas
whatever
admin123
pussy
liverpool
querty
william
soccer
london
biteme
zhangwei
wangwei
wangfang
liwei
linuo
zhangmin
lijing
wangjing
liuwei
wangxiuying
zhangli
lixiuying
wangli
zhangjing
zhangxiuying
liqiang
wangmin
limin
wanglei
liuyang
wangyan
wangyong
lijun
zhangyong
lijie
zhangjie
zhanglei
wangqiang
lijuan
wangjun
zhangyan
zhangtao
wangtao
liyan
wangchao
liming
liyong
wangjuan
liujie
liumin
lixia
lili
zhangjun
wangjie
zhangqiang
wangxiulan
wanggang
wangping
liufang
zhangyan
liuyan
liujun
liping
wanghui
wangyan
chenjing
liuyong
liling
liguiying
wangdan
ligang
lidan
liping
wangpeng
liutao
chenwei
zhanghua
liujing
litao
wangguiying
zhangxiulan
lihong
lichao
liuli
zhangguiying
wangyulan
liyan
zhangpeng
lixiulan
zhangchao
wangling
zhangling
lihua
wangfei
zhangyulan
wangguilan
wangying
liuqiang
chenxiuying
liying
lihui
limei
chenyong
wangxin
lifang
zhangguilan
libo
yangyong
wangxia
liguilan
wangbin
lipeng
zhangping
zhangli
zhanghui
zhangyu
liujuan
libin
wanghao
chenjie
wangkai
chenli
chenmin
wangxiuzhen
liyulan
liuxiuying
wangping
wangping
zhangbo
liuguiying
yangxiuying
zhangying
yangli
zhangjian
lijun
lili
wangbo
zhanghong
liudan
lixin
wangli
yangjing
liuchao
zhangjuan
yangfan
liuyan
liuying
lixue
lixiuzhen
zhangxin
wangjian
liuyulan
liuhui
liubo
zhanghao
zhangming
chenyan
zhangxia
chenyan
yangjie
wangshuai
lihui
wangxue
yangjun
zhangxu
liugang
wanghua
yangmin
wangning
lining
wangjun
liuguilan
liubin
zhangping
wangting
chentao
wangyumei
wangnuo
zhangbin
chenlong
lilin
wangyuzhen
zhangfengying
wanghong
lifengying
yangyang
liting
zhangjun
wanglin
chenying
chenjun
liuxia
chenhao
zhangkai
wangjing
chenfang
zhangting
yangtao
yangbo
chenhong
liuhuan
wangyuying
chenjuan
chengang
wanghui
zhangying
zhanglin
zhangnuo
zhangyumei
wangfengying
zhangyuying
lihongmei
liujia
liulei
zhangqian
liupeng
wangxu
zhangxue
liyang
zhangxiuzhen
wangmei
wangjianhua
liyumei
wangying
liuping
yangmei
lifei
wangliang
lilei
lijianhua
wangyu
chenling
zhangjianhua
liuxin
wangqian
zhangshuai
lijian
chenlin
liyang
chenqiang
zhaojing
wangcheng
zhangyuzhen
chenchao
chenliang
liunuo
wangqin
zhanglanying
zhanghui
liuchang
liqian
yangyan
zhangliang
zhangjian
liyun
zhangqin
wanglanying
liyuzhen
liuping
chenguiying
liuying
yangchao
zhangmei
chenping
wangjian
liuhong
zhaowei
zhangyun
zhangning
yanglin
zhangji
gaofeng
wangjianguo
yangyang
chenhua
yanghua
wangjianjun
yangliu
liuyang
wangshuzhen
yangfang
lichunmei
liujun
wanghaiyan
liuling
chenchen
wanghuan
lidongmei
zhanglong
chenbo
chenlei
wangyun
wangfeng
wangxiurong
wangrui
liqin
liguizhen
chenpeng
wangying
liufei
wangxiuyun
chenming
wangguirong
lihao
wangzhiqiang
zhangdan
lifeng
zhanghongmei
liufengying
liyuying
wangxiumei
lijia
wanglijuan
chenhui
zhangtingting
zhangfang
wangtingting
wangyuhua
zhangjianguo
lilanying
wangguizhen
lixiumei
chenyulan
chenxia
liukai
zhangyuhua
liuyumei
liuhua
libing
zhanglei
wangdong
lijianjun
liuyuzhen
wanglin
lijianguo
liying
yangwei
liguirong
wanglong
liuting
chenxiulan
zhangjianjun
lixiurong
liuming
zhoumin
zhangxiumei
lixuemei
huangwei
zhanghaiyan
wangshulan
lizhiqiang
yanglei
lijing
litingting
zhangxiurong
liujianhua
wanglili
zhaomin
chenyun
lihaiyan
zhangguirong
zhangjing
liuli
likai
zhangyu
zhangfeng
liuxiulan
zhangzhiqiang
lilong
lixiuyun
lixiufang
lishuai
lixin
liuyun
zhanglili
liji
zhangxiuyun
wangshuying
wangchunmei
wanghongmei
chenbin
liyuhua
liguifang
zhangying
chenfei
wangbo
liuhao
huangxiuying
liuyuying
lishuzhen
huangyong
zhouwei
wangxiufang
wanglihua
wangdandan
libin
wangguixiang
wangkun
liuhui
lixiang
zhangrui
zhangguizhen
wangshuhua
liushuai
zhangfei
zhangxiufang
wangyang
chenji
zhangguifang
zhanglijuan
wangrong
wuxiuying
yangming
liguixiang
mali
liuqian
yangxiulan
yangling
wangxiuhua
yangping
wangbin
liliang
lirong
liguizhi
lilin
liyan
lijian
wangbing
wangguifang
wangming
chenmei
zhangchunmei
liyang
wangyan
wangdongmei
liufeng
lixiuhua
lidandan
yangxue
liuyuhua
maxiuying
zhanglihua
zhangshuzhen
lixiaohong
zhangbo
wangxin
wangguizhi
zhaoli
zhangxiuhua
zhanglin
huangmin
yangjuan
wangjinfeng
zhoujie
wanglei
chenjianhua
liumei
yangguiying
lishuying
chenyuying
yangxiuzhen
sunxiuying
zhaojun
zhaoyong
liubing
yangbin
liwen
chenlin
chenping
sunwei
zhangli
chenjun
zhangnan
liuguizhen
liuyu
liujianjun
zhangshuying
lihongxia
zhaoxiuying
libo
wangli
zhangrong
zhangfan
wangjianping
zhangguizhi
zhangyu
zhouyong
zhangkun
xuwei
wangguihua
liuqin
zhoujing
xumin
liutingting
xujing
yanghong
wanglu
zhangshulan
zhangwen
yangyan
chenguilan
zhouli
lishuhua
chenxin
machao
liujianguo
liguihua
wangfenglan
lishulan
chenxiuzhen
zhangwei
wangwei
wangfang
liwei
linuo
zhangmin
lijing
wangjing
liuwei
wangxiuying
zhangli
lixiuying
wangli
zhangjing
zhangxiuying
liqiang
wangmin
limin
wanglei
liuyang
wangyan
wangyong
lijun
zhangyong
lijie
zhangjie
zhanglei
wangqiang
lijuan
wangjun
zhangyan
zhangtao
wangtao
liyan
wangchao
liming
liyong
wangjuan
liujie
liumin
lixia
lili
zhangjun
wangjie
zhangqiang
wangxiulan
wanggang
wangping
liufang
zhangyan
liuyan
liujun
liping
wanghui
wangyan
chenjing
liuyong
liling
liguiying
wangdan
ligang
lidan
liping
wangpeng
liutao
chenwei
zhanghua
liujing
litao
wangguiying
zhangxiulan
lihong
lichao
liuli
zhangguiying
wangyulan
liyan
zhangpeng
lixiulan
zhangchao
wangling
zhangling
lihua
wangfei
zhangyulan
wangguilan
wangying
liuqiang
chenxiuying
liying
lihui
limei
chenyong
wangxin
lifang
zhangguilan
libo
yangyong
wangxia
liguilan
wangbin
lipeng
zhangping
zhangli
zhanghui
zhangyu
liujuan
libin
wanghao
chenjie
wangkai
chenli
chenmin
wangxiuzhen
liyulan
liuxiuying
wangping
wangping
zhangbo
liuguiying
yangxiuying
zhangying
yangli
zhangjian
lijun
lili
wangbo
zhanghong
liudan
lixin
wangli
yangjing
liuchao
zhangjuan
yangfan
liuyan
liuying
lixue
lixiuzhen
zhangxin
wangjian
liuyulan
liuhui
liubo
zhanghao
zhangming
chenyan
zhangxia
chenyan
yangjie
wangshuai
lihui
wangxue
yangjun
zhangxu
liugang
wanghua
yangmin
wangning
lining
wangjun
liuguilan
liubin
zhangping
wangting
chentao
wangyumei
wangnuo
zhangbin
chenlong
lilin
wangyuzhen
zhangfengying
wanghong
lifengying
yangyang
liting
zhangjun
wanglin
chenying
chenjun
liuxia
chenhao
zhangkai
wangjing
chenfang
zhangting
yangtao
yangbo
chenhong
liuhuan
wangyuying
chenjuan
chengang
wanghui
zhangying
zhanglin
zhangnuo
zhangyumei
wangfengying
zhangyuying
lihongmei
liujia
liulei
zhangqian
liupeng
wangxu
zhangxue
liyang
zhangxiuzhen
wangmei
wangjianhua
liyumei
wangying
liuping
yangmei
lifei
wangliang
lilei
lijianhua
wangyu
chenling
zhangjianhua
liuxin
wangqian
zhangshuai
lijian
chenlin
liyang
chenqiang
zhaojing
wangcheng
zhangyuzhen
chenchao
chenliang
liunuo
wangqin
zhanglanying
zhanghui
liuchang
liqian
yangyan
zhangliang
zhangjian
liyun
zhangqin
wanglanying
liyuzhen
liuping
chenguiying
liuying
yangchao
zhangmei
chenping
wangjian
liuhong
zhaowei
zhangyun
zhangning
yanglin
zhangji
gaofeng
wangjianguo
yangyang
chenhua
yanghua
wangjianjun
yangliu
liuyang
wangshuzhen
yangfang
lichunmei
liujun
wanghaiyan
liuling
chenchen
wanghuan
lidongmei
zhanglong
chenbo
chenlei
wangyun
wangfeng
wangxiurong
wangrui
liqin
liguizhen
chenpeng
wangying
liufei
wangxiuyun
chenming
wangguirong
lihao
wangzhiqiang
zhangdan
lifeng
zhanghongmei
liufengying
liyuying
wangxiumei
lijia
wanglijuan
chenhui
zhangtingting
zhangfang
wangtingting
wangyuhua
zhangjianguo
lilanying
wangguizhen
lixiumei
chenyulan
chenxia
liukai
zhangyuhua
liuyumei
liuhua
libing
zhanglei
wangdong
lijianjun
liuyuzhen
wanglin
lijianguo
liying
yangwei
liguirong
wanglong
liuting
chenxiulan
zhangjianjun
lixiurong
liuming
zhoumin
zhangxiumei
lixuemei
huangwei
zhanghaiyan
wangshulan
lizhiqiang
yanglei
lijing
litingting
zhangxiurong
liujianhua
wanglili
zhaomin
chenyun
lihaiyan
zhangguirong
zhangjing
liuli
likai
zhangyu
zhangfeng
liuxiulan
zhangzhiqiang
lilong
lixiuyun
lixiufang
lishuai
lixin
liuyun
zhanglili
liji
zhangxiuyun
wangshuying
wangchunmei
wanghongmei
chenbin
liyuhua
liguifang
zhangying
chenfei
wangbo
liuhao
huangxiuying
liuyuying
lishuzhen
huangyong
zhouwei
wangxiufang
wanglihua
wangdandan
libin
wangguixiang
wangkun
liuhui
lixiang
zhangrui
zhangguizhen
wangshuhua
liushuai
zhangfei
zhangxiufang
wangyang
chenji
zhangguifang
zhanglijuan
wangrong
wuxiuying
yangming
liguixiang
mali
liuqian
yangxiulan
yangling
wangxiuhua
yangping
wangbin
liliang
lirong
liguizhi
lilin
liyan
lijian
wangbing
wangguifang
wangming
chenmei
zhangchunmei
liyang
wangyan
wangdongmei
liufeng
lixiuhua
lidandan
yangxue
liuyuhua
maxiuying
zhanglihua
zhangshuzhen
lixiaohong
zhangbo
wangxin
wangguizhi
zhaoli
zhangxiuhua
zhanglin
huangmin
yangjuan
wangjinfeng
zhoujie
wanglei
chenjianhua
liumei
yangguiying
lishuying
chenyuying
yangxiuzhen
sunxiuying
zhaojun
zhaoyong
liubing
yangbin
liwen
chenlin
chenping
sunwei
zhangli
chenjun
zhangnan
liuguizhen
liuyu
liujianjun
zhangshuying
lihongxia
zhaoxiuying
libo
wangli
zhangrong
zhangfan
wangjianping
zhangguizhi
zhangyu
zhouyong
zhangkun
xuwei
wangguihua
liuqin
zhoujing
xumin
liutingting
xujing
yanghong
wanglu
zhangshulan
zhangwen
yangyan
chenguilan
zhouli
lishuhua
chenxin
machao
liujianguo
liguihua
wangfenglan
lishulan
chenxiuzhen